android/app/build/intermediates/manifest_merge_blame_file/release/manifest-merger-blame-release-report.txt
1<?xml version="1.0" encoding="utf-8"?>
2<manifest xmlns:android="http://schemas.android.com/apk/res/android"
3    package="com.runbhopalrun"
4    android:versionCode="1"
5    android:versionName="1.0" >
6
7    <uses-sdk
8        android:minSdkVersion="21"
8-->src/main/AndroidManifest.xml
9        android:targetSdkVersion="30" />
9-->src/main/AndroidManifest.xml
10
11    <uses-permission android:name="android.permission.INTERNET" />
11-->src/main/AndroidManifest.xml:4:5-67
11-->src/main/AndroidManifest.xml:4:22-64
12    <uses-permission android:name="android.permission.CAMERA" /> <!-- Add This Line -->
12-->src/main/AndroidManifest.xml:5:5-64
12-->src/main/AndroidManifest.xml:5:22-62
13    <uses-permission android:name="android.permission.ACCESS_FINE_LOCATION" /> <!-- Add This Line -->
13-->src/main/AndroidManifest.xml:6:5-79
13-->src/main/AndroidManifest.xml:6:22-76
14    <!-- required for react-native-share base64 sharing -->
15    <uses-permission android:name="android.permission.WRITE_EXTERNAL_STORAGE" />
15-->src/main/AndroidManifest.xml:8:5-81
15-->src/main/AndroidManifest.xml:8:22-78
16    <uses-permission android:name="android.permission.WAKE_LOCK" />
16-->[:react-native-firebase_auth] AndroidManifest.xml:10:5-68
16-->[:react-native-firebase_auth] AndroidManifest.xml:10:22-65
17    <uses-permission android:name="android.permission.ACCESS_NETWORK_STATE" />
17-->[:react-native-firebase_auth] AndroidManifest.xml:11:5-79
17-->[:react-native-firebase_auth] AndroidManifest.xml:11:22-76
18
19    <queries>
19-->[:react-native-image-crop-picker] AndroidManifest.xml:9:5-13:15
20        <intent>
20-->[:react-native-image-crop-picker] AndroidManifest.xml:10:9-12:18
21            <action android:name="android.media.action.IMAGE_CAPTURE" />
21-->[:react-native-image-crop-picker] AndroidManifest.xml:11:13-73
21-->[:react-native-image-crop-picker] AndroidManifest.xml:11:21-70
22        </intent>
23    </queries>
24
25    <uses-permission android:name="android.permission.ACCESS_COARSE_LOCATION" />
25-->[:react-native-maps] AndroidManifest.xml:10:5-81
25-->[:react-native-maps] AndroidManifest.xml:10:22-78
26
27    <uses-feature
27-->[com.google.android.gms:play-services-maps:17.0.0] AndroidManifest.xml:26:5-28:35
28        android:glEsVersion="0x00020000"
28-->[com.google.android.gms:play-services-maps:17.0.0] AndroidManifest.xml:27:9-41
29        android:required="true" />
29-->[com.google.android.gms:play-services-maps:17.0.0] AndroidManifest.xml:28:9-32
30
31    <uses-permission android:name="android.permission.RECEIVE_BOOT_COMPLETED" />
31-->[androidx.work:work-runtime:2.5.0] AndroidManifest.xml:27:5-81
31-->[androidx.work:work-runtime:2.5.0] AndroidManifest.xml:27:22-78
32    <uses-permission android:name="android.permission.FOREGROUND_SERVICE" /> <!-- Add This Line -->
32-->[androidx.work:work-runtime:2.5.0] AndroidManifest.xml:28:5-77
32-->[androidx.work:work-runtime:2.5.0] AndroidManifest.xml:28:22-74
33    <application
33-->src/main/AndroidManifest.xml:10:5-44:19
34        android:name="com.runbhopalrun.MainApplication"
34-->src/main/AndroidManifest.xml:11:7-38
35        android:allowBackup="false"
35-->src/main/AndroidManifest.xml:15:7-34
36        android:appComponentFactory="androidx.core.app.CoreComponentFactory"
36-->[androidx.core:core:1.6.0] AndroidManifest.xml:24:18-86
37        android:icon="@mipmap/ic_launcher"
37-->src/main/AndroidManifest.xml:13:7-41
38        android:label="@string/app_name"
38-->src/main/AndroidManifest.xml:12:7-39
39        android:roundIcon="@mipmap/ic_launcher_round"
39-->src/main/AndroidManifest.xml:14:7-52
40        android:theme="@style/AppTheme" >
40-->src/main/AndroidManifest.xml:16:7-38
41
42        <!-- Add This Line (Start) -->
43        <activity
43-->src/main/AndroidManifest.xml:19:7-27:17
44            android:name="com.runbhopalrun.SplashActivity"
44-->src/main/AndroidManifest.xml:20:9-39
45            android:label="@string/app_name"
45-->src/main/AndroidManifest.xml:22:9-41
46            android:theme="@style/SplashTheme" >
46-->src/main/AndroidManifest.xml:21:9-43
47            <intent-filter>
47-->src/main/AndroidManifest.xml:23:9-26:25
48                <action android:name="android.intent.action.MAIN" />
48-->src/main/AndroidManifest.xml:24:11-63
48-->src/main/AndroidManifest.xml:24:19-60
49
50                <category android:name="android.intent.category.LAUNCHER" />
50-->src/main/AndroidManifest.xml:25:11-71
50-->src/main/AndroidManifest.xml:25:21-68
51            </intent-filter>
52        </activity>
53        <!-- Add This Line (End) -->
54        <meta-data
54-->src/main/AndroidManifest.xml:29:7-31:64
55            android:name="com.google.android.geo.API_KEY"
55-->src/main/AndroidManifest.xml:30:7-52
56            android:value="AIzaSyCfVlxFRVtewNGVuvbt9jbF4LWW12ab-bw" /> <!-- Add This Line -->
56-->src/main/AndroidManifest.xml:31:7-62
57        <activity
57-->src/main/AndroidManifest.xml:32:7-43:18
58            android:name="com.runbhopalrun.MainActivity"
58-->src/main/AndroidManifest.xml:33:9-37
59            android:configChanges="keyboard|keyboardHidden|orientation|screenSize|uiMode"
59-->src/main/AndroidManifest.xml:35:9-86
60            android:exported="true"
60-->src/main/AndroidManifest.xml:38:9-32
61            android:label="@string/app_name"
61-->src/main/AndroidManifest.xml:34:9-41
62            android:launchMode="singleTask"
62-->src/main/AndroidManifest.xml:36:9-40
63            android:windowSoftInputMode="adjustResize" > <!-- Add This Line -->
63-->src/main/AndroidManifest.xml:37:9-51
64            <!--
65        <intent-filter>
66            <action android:name="android.intent.action.MAIN" />
67            <category android:name="android.intent.category.LAUNCHER" /> 
68        </intent-filter>
69            -->
70            <!-- Add This Line (Comment) -->
71        </activity>
72
73        <meta-data
73-->[:react-native-firebase_app] AndroidManifest.xml:10:9-12:36
74            android:name="app_data_collection_default_enabled"
74-->[:react-native-firebase_app] AndroidManifest.xml:11:13-63
75            android:value="true" />
75-->[:react-native-firebase_app] AndroidManifest.xml:12:13-33
76
77        <service
77-->[:react-native-firebase_app] AndroidManifest.xml:14:9-18:19
78            android:name="com.google.firebase.components.ComponentDiscoveryService"
78-->[:react-native-firebase_app] AndroidManifest.xml:14:18-89
79            android:directBootAware="true"
79-->[com.google.firebase:firebase-common:20.0.0] AndroidManifest.xml:35:13-43
80            android:exported="false" >
80-->[com.google.firebase:firebase-auth:21.0.1] AndroidManifest.xml:76:13-37
81            <meta-data
81-->[:react-native-firebase_app] AndroidManifest.xml:15:13-17:85
82                android:name="com.google.firebase.components:io.invertase.firebase.app.ReactNativeFirebaseAppRegistrar"
82-->[:react-native-firebase_app] AndroidManifest.xml:16:17-120
83                android:value="com.google.firebase.components.ComponentRegistrar" />
83-->[:react-native-firebase_app] AndroidManifest.xml:17:17-82
84            <meta-data
84-->[com.google.firebase:firebase-auth:21.0.1] AndroidManifest.xml:77:13-79:85
85                android:name="com.google.firebase.components:com.google.firebase.auth.FirebaseAuthRegistrar"
85-->[com.google.firebase:firebase-auth:21.0.1] AndroidManifest.xml:78:17-109
86                android:value="com.google.firebase.components.ComponentRegistrar" />
86-->[com.google.firebase:firebase-auth:21.0.1] AndroidManifest.xml:79:17-82
87        </service>
88
89        <provider
89-->[:react-native-firebase_app] AndroidManifest.xml:20:9-24:38
90            android:name="io.invertase.firebase.app.ReactNativeFirebaseAppInitProvider"
90-->[:react-native-firebase_app] AndroidManifest.xml:21:13-88
91            android:authorities="com.runbhopalrun.reactnativefirebaseappinitprovider"
91-->[:react-native-firebase_app] AndroidManifest.xml:22:13-86
92            android:exported="false"
92-->[:react-native-firebase_app] AndroidManifest.xml:23:13-37
93            android:initOrder="99" />
93-->[:react-native-firebase_app] AndroidManifest.xml:24:13-35
94
95        <activity
95-->[com.google.firebase:firebase-auth:21.0.1] AndroidManifest.xml:27:9-44:20
96            android:name="com.google.firebase.auth.internal.GenericIdpActivity"
96-->[com.google.firebase:firebase-auth:21.0.1] AndroidManifest.xml:28:13-80
97            android:excludeFromRecents="true"
97-->[com.google.firebase:firebase-auth:21.0.1] AndroidManifest.xml:29:13-46
98            android:exported="true"
98-->[com.google.firebase:firebase-auth:21.0.1] AndroidManifest.xml:30:13-36
99            android:launchMode="singleTask"
99-->[com.google.firebase:firebase-auth:21.0.1] AndroidManifest.xml:31:13-44
100            android:theme="@android:style/Theme.Translucent.NoTitleBar" >
100-->[com.google.firebase:firebase-auth:21.0.1] AndroidManifest.xml:32:13-72
101            <intent-filter>
101-->[com.google.firebase:firebase-auth:21.0.1] AndroidManifest.xml:33:13-43:29
102                <action android:name="android.intent.action.VIEW" />
102-->[com.google.firebase:firebase-auth:21.0.1] AndroidManifest.xml:34:17-69
102-->[com.google.firebase:firebase-auth:21.0.1] AndroidManifest.xml:34:25-66
103
104                <category android:name="android.intent.category.DEFAULT" />
104-->[com.google.firebase:firebase-auth:21.0.1] AndroidManifest.xml:36:17-76
104-->[com.google.firebase:firebase-auth:21.0.1] AndroidManifest.xml:36:27-73
105                <category android:name="android.intent.category.BROWSABLE" />
105-->[com.google.firebase:firebase-auth:21.0.1] AndroidManifest.xml:37:17-78
105-->[com.google.firebase:firebase-auth:21.0.1] AndroidManifest.xml:37:27-75
106
107                <data
107-->[com.google.firebase:firebase-auth:21.0.1] AndroidManifest.xml:39:17-42:51
108                    android:host="firebase.auth"
108-->[com.google.firebase:firebase-auth:21.0.1] AndroidManifest.xml:40:21-49
109                    android:path="/"
109-->[com.google.firebase:firebase-auth:21.0.1] AndroidManifest.xml:41:21-37
110                    android:scheme="genericidp" />
110-->[com.google.firebase:firebase-auth:21.0.1] AndroidManifest.xml:42:21-48
111            </intent-filter>
112        </activity>
113        <activity
113-->[com.google.firebase:firebase-auth:21.0.1] AndroidManifest.xml:45:9-62:20
114            android:name="com.google.firebase.auth.internal.RecaptchaActivity"
114-->[com.google.firebase:firebase-auth:21.0.1] AndroidManifest.xml:46:13-79
115            android:excludeFromRecents="true"
115-->[com.google.firebase:firebase-auth:21.0.1] AndroidManifest.xml:47:13-46
116            android:exported="true"
116-->[com.google.firebase:firebase-auth:21.0.1] AndroidManifest.xml:48:13-36
117            android:launchMode="singleTask"
117-->[com.google.firebase:firebase-auth:21.0.1] AndroidManifest.xml:49:13-44
118            android:theme="@android:style/Theme.Translucent.NoTitleBar" >
118-->[com.google.firebase:firebase-auth:21.0.1] AndroidManifest.xml:50:13-72
119            <intent-filter>
119-->[com.google.firebase:firebase-auth:21.0.1] AndroidManifest.xml:51:13-61:29
120                <action android:name="android.intent.action.VIEW" />
120-->[com.google.firebase:firebase-auth:21.0.1] AndroidManifest.xml:34:17-69
120-->[com.google.firebase:firebase-auth:21.0.1] AndroidManifest.xml:34:25-66
121
122                <category android:name="android.intent.category.DEFAULT" />
122-->[com.google.firebase:firebase-auth:21.0.1] AndroidManifest.xml:36:17-76
122-->[com.google.firebase:firebase-auth:21.0.1] AndroidManifest.xml:36:27-73
123                <category android:name="android.intent.category.BROWSABLE" />
123-->[com.google.firebase:firebase-auth:21.0.1] AndroidManifest.xml:37:17-78
123-->[com.google.firebase:firebase-auth:21.0.1] AndroidManifest.xml:37:27-75
124
125                <data
125-->[com.google.firebase:firebase-auth:21.0.1] AndroidManifest.xml:39:17-42:51
126                    android:host="firebase.auth"
126-->[com.google.firebase:firebase-auth:21.0.1] AndroidManifest.xml:40:21-49
127                    android:path="/"
127-->[com.google.firebase:firebase-auth:21.0.1] AndroidManifest.xml:41:21-37
128                    android:scheme="recaptcha" />
128-->[com.google.firebase:firebase-auth:21.0.1] AndroidManifest.xml:42:21-48
129            </intent-filter>
130        </activity>
131
132        <service
132-->[com.google.firebase:firebase-auth:21.0.1] AndroidManifest.xml:64:9-73:19
133            android:name="com.google.firebase.auth.api.fallback.service.FirebaseAuthFallbackService"
133-->[com.google.firebase:firebase-auth:21.0.1] AndroidManifest.xml:65:13-101
134            android:enabled="true"
134-->[com.google.firebase:firebase-auth:21.0.1] AndroidManifest.xml:66:13-35
135            android:exported="false" >
135-->[com.google.firebase:firebase-auth:21.0.1] AndroidManifest.xml:67:13-37
136            <intent-filter>
136-->[com.google.firebase:firebase-auth:21.0.1] AndroidManifest.xml:68:13-72:29
137                <action android:name="com.google.firebase.auth.api.gms.service.START" />
137-->[com.google.firebase:firebase-auth:21.0.1] AndroidManifest.xml:69:17-89
137-->[com.google.firebase:firebase-auth:21.0.1] AndroidManifest.xml:69:25-86
138
139                <category android:name="android.intent.category.DEFAULT" />
139-->[com.google.firebase:firebase-auth:21.0.1] AndroidManifest.xml:36:17-76
139-->[com.google.firebase:firebase-auth:21.0.1] AndroidManifest.xml:36:27-73
140            </intent-filter>
141        </service>
142
143        <provider
143-->[:react-native-share] AndroidManifest.xml:10:9-18:20
144            android:name="cl.json.RNShareFileProvider"
144-->[:react-native-share] AndroidManifest.xml:11:13-55
145            android:authorities="com.runbhopalrun.rnshare.fileprovider"
145-->[:react-native-share] AndroidManifest.xml:12:13-72
146            android:exported="false"
146-->[:react-native-share] AndroidManifest.xml:13:13-37
147            android:grantUriPermissions="true" >
147-->[:react-native-share] AndroidManifest.xml:14:13-47
148            <meta-data
148-->[:react-native-share] AndroidManifest.xml:15:13-17:64
149                android:name="android.support.FILE_PROVIDER_PATHS"
149-->[:react-native-share] AndroidManifest.xml:16:17-67
150                android:resource="@xml/share_download_paths" />
150-->[:react-native-share] AndroidManifest.xml:17:17-61
151        </provider>
152        <provider
152-->[:react-native-image-crop-picker] AndroidManifest.xml:18:9-26:20
153            android:name="androidx.core.content.FileProvider"
153-->[:react-native-image-crop-picker] AndroidManifest.xml:19:13-62
154            android:authorities="com.runbhopalrun.provider"
154-->[:react-native-image-crop-picker] AndroidManifest.xml:20:13-60
155            android:exported="false"
155-->[:react-native-image-crop-picker] AndroidManifest.xml:21:13-37
156            android:grantUriPermissions="true" >
156-->[:react-native-image-crop-picker] AndroidManifest.xml:22:13-47
157            <meta-data
157-->[:react-native-share] AndroidManifest.xml:15:13-17:64
158                android:name="android.support.FILE_PROVIDER_PATHS"
158-->[:react-native-share] AndroidManifest.xml:16:17-67
159                android:resource="@xml/provider_paths" />
159-->[:react-native-share] AndroidManifest.xml:17:17-61
160        </provider>
161
162        <activity
162-->[:react-native-image-crop-picker] AndroidManifest.xml:28:9-30:72
163            android:name="com.yalantis.ucrop.UCropActivity"
163-->[:react-native-image-crop-picker] AndroidManifest.xml:29:13-60
164            android:theme="@style/Theme.AppCompat.Light.NoActionBar" />
164-->[:react-native-image-crop-picker] AndroidManifest.xml:30:13-69
165
166        <provider
166-->[com.google.firebase:firebase-common:20.0.0] AndroidManifest.xml:26:9-31:39
167            android:name="com.google.firebase.provider.FirebaseInitProvider"
167-->[com.google.firebase:firebase-common:20.0.0] AndroidManifest.xml:27:13-77
168            android:authorities="com.runbhopalrun.firebaseinitprovider"
168-->[com.google.firebase:firebase-common:20.0.0] AndroidManifest.xml:28:13-72
169            android:directBootAware="true"
169-->[com.google.firebase:firebase-common:20.0.0] AndroidManifest.xml:29:13-43
170            android:exported="false"
170-->[com.google.firebase:firebase-common:20.0.0] AndroidManifest.xml:30:13-37
171            android:initOrder="100" />
171-->[com.google.firebase:firebase-common:20.0.0] AndroidManifest.xml:31:13-36
172
173        <activity
173-->[com.google.android.gms:play-services-auth:20.1.0] AndroidManifest.xml:23:9-27:75
174            android:name="com.google.android.gms.auth.api.signin.internal.SignInHubActivity"
174-->[com.google.android.gms:play-services-auth:20.1.0] AndroidManifest.xml:24:13-93
175            android:excludeFromRecents="true"
175-->[com.google.android.gms:play-services-auth:20.1.0] AndroidManifest.xml:25:13-46
176            android:exported="false"
176-->[com.google.android.gms:play-services-auth:20.1.0] AndroidManifest.xml:26:13-37
177            android:theme="@android:style/Theme.Translucent.NoTitleBar" />
177-->[com.google.android.gms:play-services-auth:20.1.0] AndroidManifest.xml:27:13-72
178        <!--
179            Service handling Google Sign-In user revocation. For apps that do not integrate with
180            Google Sign-In, this service will never be started.
181        -->
182        <service
182-->[com.google.android.gms:play-services-auth:20.1.0] AndroidManifest.xml:33:9-37:51
183            android:name="com.google.android.gms.auth.api.signin.RevocationBoundService"
183-->[com.google.android.gms:play-services-auth:20.1.0] AndroidManifest.xml:34:13-89
184            android:exported="true"
184-->[com.google.android.gms:play-services-auth:20.1.0] AndroidManifest.xml:35:13-36
185            android:permission="com.google.android.gms.auth.api.signin.permission.REVOCATION_NOTIFICATION"
185-->[com.google.android.gms:play-services-auth:20.1.0] AndroidManifest.xml:36:13-107
186            android:visibleToInstantApps="true" /> <!-- Needs to be explicitly declared on P+ -->
186-->[com.google.android.gms:play-services-auth:20.1.0] AndroidManifest.xml:37:13-48
187        <uses-library
187-->[com.google.android.gms:play-services-maps:17.0.0] AndroidManifest.xml:33:9-35:40
188            android:name="org.apache.http.legacy"
188-->[com.google.android.gms:play-services-maps:17.0.0] AndroidManifest.xml:34:13-50
189            android:required="false" />
189-->[com.google.android.gms:play-services-maps:17.0.0] AndroidManifest.xml:35:13-37
190
191        <activity
191-->[com.google.android.gms:play-services-base:18.0.1] AndroidManifest.xml:20:9-22:45
192            android:name="com.google.android.gms.common.api.GoogleApiActivity"
192-->[com.google.android.gms:play-services-base:18.0.1] AndroidManifest.xml:20:19-85
193            android:exported="false"
193-->[com.google.android.gms:play-services-base:18.0.1] AndroidManifest.xml:22:19-43
194            android:theme="@android:style/Theme.Translucent.NoTitleBar" />
194-->[com.google.android.gms:play-services-base:18.0.1] AndroidManifest.xml:21:19-78
195
196        <meta-data
196-->[com.google.android.gms:play-services-basement:18.0.0] AndroidManifest.xml:21:9-23:69
197            android:name="com.google.android.gms.version"
197-->[com.google.android.gms:play-services-basement:18.0.0] AndroidManifest.xml:22:13-58
198            android:value="@integer/google_play_services_version" />
198-->[com.google.android.gms:play-services-basement:18.0.0] AndroidManifest.xml:23:13-66
199
200        <provider
200-->[androidx.work:work-runtime:2.5.0] AndroidManifest.xml:31:9-37:35
201            android:name="androidx.work.impl.WorkManagerInitializer"
201-->[androidx.work:work-runtime:2.5.0] AndroidManifest.xml:32:13-69
202            android:authorities="com.runbhopalrun.workmanager-init"
202-->[androidx.work:work-runtime:2.5.0] AndroidManifest.xml:33:13-68
203            android:directBootAware="false"
203-->[androidx.work:work-runtime:2.5.0] AndroidManifest.xml:34:13-44
204            android:exported="false"
204-->[androidx.work:work-runtime:2.5.0] AndroidManifest.xml:35:13-37
205            android:multiprocess="true" />
205-->[androidx.work:work-runtime:2.5.0] AndroidManifest.xml:36:13-40
206
207        <service
207-->[androidx.work:work-runtime:2.5.0] AndroidManifest.xml:39:9-44:35
208            android:name="androidx.work.impl.background.systemalarm.SystemAlarmService"
208-->[androidx.work:work-runtime:2.5.0] AndroidManifest.xml:40:13-88
209            android:directBootAware="false"
209-->[androidx.work:work-runtime:2.5.0] AndroidManifest.xml:41:13-44
210            android:enabled="@bool/enable_system_alarm_service_default"
210-->[androidx.work:work-runtime:2.5.0] AndroidManifest.xml:42:13-72
211            android:exported="false" />
211-->[androidx.work:work-runtime:2.5.0] AndroidManifest.xml:43:13-37
212        <service
212-->[androidx.work:work-runtime:2.5.0] AndroidManifest.xml:45:9-51:35
213            android:name="androidx.work.impl.background.systemjob.SystemJobService"
213-->[androidx.work:work-runtime:2.5.0] AndroidManifest.xml:46:13-84
214            android:directBootAware="false"
214-->[androidx.work:work-runtime:2.5.0] AndroidManifest.xml:47:13-44
215            android:enabled="@bool/enable_system_job_service_default"
215-->[androidx.work:work-runtime:2.5.0] AndroidManifest.xml:48:13-70
216            android:exported="true"
216-->[androidx.work:work-runtime:2.5.0] AndroidManifest.xml:49:13-36
217            android:permission="android.permission.BIND_JOB_SERVICE" />
217-->[androidx.work:work-runtime:2.5.0] AndroidManifest.xml:50:13-69
218        <service
218-->[androidx.work:work-runtime:2.5.0] AndroidManifest.xml:52:9-57:35
219            android:name="androidx.work.impl.foreground.SystemForegroundService"
219-->[androidx.work:work-runtime:2.5.0] AndroidManifest.xml:53:13-81
220            android:directBootAware="false"
220-->[androidx.work:work-runtime:2.5.0] AndroidManifest.xml:54:13-44
221            android:enabled="@bool/enable_system_foreground_service_default"
221-->[androidx.work:work-runtime:2.5.0] AndroidManifest.xml:55:13-77
222            android:exported="false" />
222-->[androidx.work:work-runtime:2.5.0] AndroidManifest.xml:56:13-37
223
224        <receiver
224-->[androidx.work:work-runtime:2.5.0] AndroidManifest.xml:59:9-64:35
225            android:name="androidx.work.impl.utils.ForceStopRunnable$BroadcastReceiver"
225-->[androidx.work:work-runtime:2.5.0] AndroidManifest.xml:60:13-88
226            android:directBootAware="false"
226-->[androidx.work:work-runtime:2.5.0] AndroidManifest.xml:61:13-44
227            android:enabled="true"
227-->[androidx.work:work-runtime:2.5.0] AndroidManifest.xml:62:13-35
228            android:exported="false" />
228-->[androidx.work:work-runtime:2.5.0] AndroidManifest.xml:63:13-37
229        <receiver
229-->[androidx.work:work-runtime:2.5.0] AndroidManifest.xml:65:9-75:20
230            android:name="androidx.work.impl.background.systemalarm.ConstraintProxy$BatteryChargingProxy"
230-->[androidx.work:work-runtime:2.5.0] AndroidManifest.xml:66:13-106
231            android:directBootAware="false"
231-->[androidx.work:work-runtime:2.5.0] AndroidManifest.xml:67:13-44
232            android:enabled="false"
232-->[androidx.work:work-runtime:2.5.0] AndroidManifest.xml:68:13-36
233            android:exported="false" >
233-->[androidx.work:work-runtime:2.5.0] AndroidManifest.xml:69:13-37
234            <intent-filter>
234-->[androidx.work:work-runtime:2.5.0] AndroidManifest.xml:71:13-74:29
235                <action android:name="android.intent.action.ACTION_POWER_CONNECTED" />
235-->[androidx.work:work-runtime:2.5.0] AndroidManifest.xml:72:17-87
235-->[androidx.work:work-runtime:2.5.0] AndroidManifest.xml:72:25-84
236                <action android:name="android.intent.action.ACTION_POWER_DISCONNECTED" />
236-->[androidx.work:work-runtime:2.5.0] AndroidManifest.xml:73:17-90
236-->[androidx.work:work-runtime:2.5.0] AndroidManifest.xml:73:25-87
237            </intent-filter>
238        </receiver>
239        <receiver
239-->[androidx.work:work-runtime:2.5.0] AndroidManifest.xml:76:9-86:20
240            android:name="androidx.work.impl.background.systemalarm.ConstraintProxy$BatteryNotLowProxy"
240-->[androidx.work:work-runtime:2.5.0] AndroidManifest.xml:77:13-104
241            android:directBootAware="false"
241-->[androidx.work:work-runtime:2.5.0] AndroidManifest.xml:78:13-44
242            android:enabled="false"
242-->[androidx.work:work-runtime:2.5.0] AndroidManifest.xml:79:13-36
243            android:exported="false" >
243-->[androidx.work:work-runtime:2.5.0] AndroidManifest.xml:80:13-37
244            <intent-filter>
244-->[androidx.work:work-runtime:2.5.0] AndroidManifest.xml:82:13-85:29
245                <action android:name="android.intent.action.BATTERY_OKAY" />
245-->[androidx.work:work-runtime:2.5.0] AndroidManifest.xml:83:17-77
245-->[androidx.work:work-runtime:2.5.0] AndroidManifest.xml:83:25-74
246                <action android:name="android.intent.action.BATTERY_LOW" />
246-->[androidx.work:work-runtime:2.5.0] AndroidManifest.xml:84:17-76
246-->[androidx.work:work-runtime:2.5.0] AndroidManifest.xml:84:25-73
247            </intent-filter>
248        </receiver>
249        <receiver
249-->[androidx.work:work-runtime:2.5.0] AndroidManifest.xml:87:9-97:20
250            android:name="androidx.work.impl.background.systemalarm.ConstraintProxy$StorageNotLowProxy"
250-->[androidx.work:work-runtime:2.5.0] AndroidManifest.xml:88:13-104
251            android:directBootAware="false"
251-->[androidx.work:work-runtime:2.5.0] AndroidManifest.xml:89:13-44
252            android:enabled="false"
252-->[androidx.work:work-runtime:2.5.0] AndroidManifest.xml:90:13-36
253            android:exported="false" >
253-->[androidx.work:work-runtime:2.5.0] AndroidManifest.xml:91:13-37
254            <intent-filter>
254-->[androidx.work:work-runtime:2.5.0] AndroidManifest.xml:93:13-96:29
255                <action android:name="android.intent.action.DEVICE_STORAGE_LOW" />
255-->[androidx.work:work-runtime:2.5.0] AndroidManifest.xml:94:17-83
255-->[androidx.work:work-runtime:2.5.0] AndroidManifest.xml:94:25-80
256                <action android:name="android.intent.action.DEVICE_STORAGE_OK" />
256-->[androidx.work:work-runtime:2.5.0] AndroidManifest.xml:95:17-82
256-->[androidx.work:work-runtime:2.5.0] AndroidManifest.xml:95:25-79
257            </intent-filter>
258        </receiver>
259        <receiver
259-->[androidx.work:work-runtime:2.5.0] AndroidManifest.xml:98:9-107:20
260            android:name="androidx.work.impl.background.systemalarm.ConstraintProxy$NetworkStateProxy"
260-->[androidx.work:work-runtime:2.5.0] AndroidManifest.xml:99:13-103
261            android:directBootAware="false"
261-->[androidx.work:work-runtime:2.5.0] AndroidManifest.xml:100:13-44
262            android:enabled="false"
262-->[androidx.work:work-runtime:2.5.0] AndroidManifest.xml:101:13-36
263            android:exported="false" >
263-->[androidx.work:work-runtime:2.5.0] AndroidManifest.xml:102:13-37
264            <intent-filter>
264-->[androidx.work:work-runtime:2.5.0] AndroidManifest.xml:104:13-106:29
265                <action android:name="android.net.conn.CONNECTIVITY_CHANGE" />
265-->[androidx.work:work-runtime:2.5.0] AndroidManifest.xml:105:17-79
265-->[androidx.work:work-runtime:2.5.0] AndroidManifest.xml:105:25-76
266            </intent-filter>
267        </receiver>
268        <receiver
268-->[androidx.work:work-runtime:2.5.0] AndroidManifest.xml:108:9-119:20
269            android:name="androidx.work.impl.background.systemalarm.RescheduleReceiver"
269-->[androidx.work:work-runtime:2.5.0] AndroidManifest.xml:109:13-88
270            android:directBootAware="false"
270-->[androidx.work:work-runtime:2.5.0] AndroidManifest.xml:110:13-44
271            android:enabled="false"
271-->[androidx.work:work-runtime:2.5.0] AndroidManifest.xml:111:13-36
272            android:exported="false" >
272-->[androidx.work:work-runtime:2.5.0] AndroidManifest.xml:112:13-37
273            <intent-filter>
273-->[androidx.work:work-runtime:2.5.0] AndroidManifest.xml:114:13-118:29
274                <action android:name="android.intent.action.BOOT_COMPLETED" />
274-->[androidx.work:work-runtime:2.5.0] AndroidManifest.xml:115:17-79
274-->[androidx.work:work-runtime:2.5.0] AndroidManifest.xml:115:25-76
275                <action android:name="android.intent.action.TIME_SET" />
275-->[androidx.work:work-runtime:2.5.0] AndroidManifest.xml:116:17-73
275-->[androidx.work:work-runtime:2.5.0] AndroidManifest.xml:116:25-70
276                <action android:name="android.intent.action.TIMEZONE_CHANGED" />
276-->[androidx.work:work-runtime:2.5.0] AndroidManifest.xml:117:17-81
276-->[androidx.work:work-runtime:2.5.0] AndroidManifest.xml:117:25-78
277            </intent-filter>
278        </receiver>
279        <receiver
279-->[androidx.work:work-runtime:2.5.0] AndroidManifest.xml:120:9-129:20
280            android:name="androidx.work.impl.background.systemalarm.ConstraintProxyUpdateReceiver"
280-->[androidx.work:work-runtime:2.5.0] AndroidManifest.xml:121:13-99
281            android:directBootAware="false"
281-->[androidx.work:work-runtime:2.5.0] AndroidManifest.xml:122:13-44
282            android:enabled="@bool/enable_system_alarm_service_default"
282-->[androidx.work:work-runtime:2.5.0] AndroidManifest.xml:123:13-72
283            android:exported="false" >
283-->[androidx.work:work-runtime:2.5.0] AndroidManifest.xml:124:13-37
284            <intent-filter>
284-->[androidx.work:work-runtime:2.5.0] AndroidManifest.xml:126:13-128:29
285                <action android:name="androidx.work.impl.background.systemalarm.UpdateProxies" />